<?xml version="1.0" encoding="UTF-8"?>
<!-- Generated by org.testng.reporters.JUnitReportReporter -->
<testsuite hostname="TMZ-DPC-2209" failures="0" tests="8" name="com.Runner.TestAllRunner" time="44.439" errors="0" timestamp="2023-11-29T10:53:31 IST" skipped="0">
  <testcase classname="com.Runner.TestAllRunner" name="runScenario" time="4.601"/>
  <testcase classname="com.Runner.TestAllRunner" name="runScenario" time="22.670"/>
  <testcase classname="com.Runner.TestAllRunner" name="runScenario" time="3.358"/>
  <testcase classname="com.Runner.TestAllRunner" name="runScenario" time="1.413"/>
  <testcase classname="com.Runner.TestAllRunner" name="runScenario" time="1.402"/>
  <testcase classname="com.Runner.TestAllRunner" name="runScenario" time="2.285"/>
  <testcase classname="com.Runner.TestAllRunner" name="runScenario" time="1.684"/>
  <testcase classname="com.Runner.TestAllRunner" name="runScenario" time="7.026"/>
</testsuite> <!-- com.Runner.TestAllRunner -->
