<?xml version="1.0" encoding="UTF-8"?>
<!-- Generated by org.testng.reporters.JUnitReportReporter -->
<testsuite hostname="TMZ-DPC-2209" failures="0" tests="1" name="com.PilotProject.SportsJam.AppTest" time="0.010" errors="0" timestamp="2023-11-29T10:53:32 IST" skipped="0">
  <testcase classname="com.PilotProject.SportsJam.AppTest" name="testApp" time="0.010"/>
</testsuite> <!-- com.PilotProject.SportsJam.AppTest -->
