<?xml version="1.0" encoding="UTF-8"?>
<!-- Generated by org.testng.reporters.JUnitReportReporter -->
<testsuite hostname="TMZ-DPC-2209" failures="0" tests="3" name="Runner.LoginRunner" time="32.113" errors="0" timestamp="2023-11-20T12:16:59 IST" skipped="0">
  <testcase classname="Runner.LoginRunner" name="runScenario" time="1.509"/>
  <testcase classname="Runner.LoginRunner" name="runScenario" time="3.012"/>
  <testcase classname="Runner.LoginRunner" name="runScenario" time="27.592"/>
</testsuite> <!-- Runner.LoginRunner -->
