<?xml version="1.0" encoding="UTF-8"?>
<!-- Generated by org.testng.reporters.JUnitReportReporter -->
<testsuite hostname="TMZ-DPC-2209" failures="0" tests="8" name="com.Runner.TestNGLogin" time="53.132" errors="0" timestamp="2023-11-21T11:44:53 IST" skipped="0">
  <testcase classname="com.Runner.TestNGLogin" name="runScenario" time="18.470"/>
  <testcase classname="com.Runner.TestNGLogin" name="runScenario" time="2.662"/>
  <testcase classname="com.Runner.TestNGLogin" name="runScenario" time="1.289"/>
  <testcase classname="com.Runner.TestNGLogin" name="runScenario" time="17.617"/>
  <testcase classname="com.Runner.TestNGLogin" name="runScenario" time="1.999"/>
  <testcase classname="com.Runner.TestNGLogin" name="runScenario" time="3.959"/>
  <testcase classname="com.Runner.TestNGLogin" name="runScenario" time="3.270"/>
  <testcase classname="com.Runner.TestNGLogin" name="runScenario" time="3.866"/>
</testsuite> <!-- com.Runner.TestNGLogin -->
