<?xml version="1.0" encoding="UTF-8"?>
<!-- Generated by org.testng.reporters.JUnitReportReporter -->
<testsuite hostname="TMZ-DPC-2209" failures="0" tests="4" name="com.Runner.TestNGGetToKnowUs" time="33.803" errors="0" timestamp="2023-11-21T11:23:18 IST" skipped="0">
  <testcase classname="com.Runner.TestNGGetToKnowUs" name="runScenario" time="22.733"/>
  <testcase classname="com.Runner.TestNGGetToKnowUs" name="runScenario" time="2.395"/>
  <testcase classname="com.Runner.TestNGGetToKnowUs" name="runScenario" time="2.476"/>
  <testcase classname="com.Runner.TestNGGetToKnowUs" name="runScenario" time="6.199"/>
</testsuite> <!-- com.Runner.TestNGGetToKnowUs -->
