<?xml version="1.0" encoding="UTF-8"?>
<!-- Generated by org.testng.reporters.JUnitReportReporter -->
<testsuite hostname="TMZ-DPC-2209" failures="0" tests="1" name="com.Runner.TestNGFitness" time="89.423" errors="0" timestamp="2023-11-21T11:22:31 IST" skipped="0">
  <testcase classname="com.Runner.TestNGFitness" name="runScenario" time="89.423"/>
</testsuite> <!-- com.Runner.TestNGFitness -->
